================================================================================
🚀 Creating 50 Complex GitHub Issues for Soroban Playground
================================================================================

✅ [1/50] Created: Frontend + Backend | Implement Multi-Signature Wallet Contract with Ti...
✅ [2/50] Created: Frontend + Backend | Build Decentralized Exchange (DEX) with Automated...
✅ [3/50] Created: Frontend + Backend | Create Token Vesting Contract with Cliff Periods ...
✅ [4/50] Created: Frontend + Backend | Implement Flash Loan Contract with Arbitrage Dete...
✅ [5/50] Created: Frontend + Backend | Develop NFT Marketplace with Royalty Distribution...
✅ [6/50] Created: Frontend + Backend | Build Lending Protocol with Collateralization Rat...
✅ [7/50] Created: Frontend + Backend | Create Governance DAO Contract with Proposal Life...
✅ [8/50] Created: Frontend + Backend | Implement Cross-Chain Bridge Contract with Transa...
✅ [9/50] Created: Frontend + Backend | Build Yield Farming Contract with Strategy Optimi...
✅ [10/50] Created: Frontend + Backend | Develop Prediction Market Contract with Oracle In...
✅ [11/50] Created: Frontend + Backend | Create Insurance Protocol Contract with Claim Ass...
✅ [12/50] Created: Frontend + Backend | Implement Token Swap Aggregator with Route Optimi...
✅ [13/50] Created: Frontend + Backend | Build Staking Derivatives Contract with Liquid St...
✅ [14/50] Created: Frontend + Backend | Develop Supply Chain Tracking Contract with Prove...
✅ [15/50] Created: Frontend + Backend | Create Real Estate Tokenization Contract with Fra...
✅ [16/50] Created: Frontend + Backend | Implement Options Trading Contract with Pricing M...
✅ [17/50] Created: Frontend + Backend | Build Decentralized Identity (DID) Contract with ...
✅ [18/50] Created: Frontend + Backend | Develop Lottery Contract with Verifiable Randomne...
✅ [19/50] Created: Frontend + Backend | Create Carbon Credit Trading Contract with Verifi...
✅ [20/50] Created: Frontend + Backend | Implement Perpetual Futures Contract with Funding...
✅ [21/50] Created: Frontend + Backend | Build Decentralized Social Media Contract with Co...
✅ [22/50] Created: Frontend + Backend | Develop Stablecoin Contract with Algorithmic Stab...
✅ [23/50] Created: Frontend + Backend | Create Royalty Distribution Contract for Music St...
✅ [24/50] Created: Frontend + Backend | Implement Job Marketplace Contract with Escrow Pa...
✅ [25/50] Created: Frontend + Backend | Build Decentralized Cloud Storage Contract with F...
✅ [26/50] Created: Frontend + Backend | Develop Synthetic Assets Contract with Price Trac...
✅ [27/50] Created: Frontend + Backend | Create Subscription Management Contract with Recu...
✅ [28/50] Created: Frontend + Backend | Implement Token Airdrop Contract with Merkle Tree...
✅ [29/50] Created: Frontend + Backend | Build Decentralized Voting System with Quadratic ...
✅ [30/50] Created: Frontend + Backend | Develop Royalty-Free Music Licensing Contract wit...
✅ [31/50] Created: Frontend + Backend | Create Decentralized File Notary Contract with Ti...
✅ [32/50] Created: Frontend + Backend | Implement Tokenized Real Estate Investment Trust ...
✅ [33/50] Created: Frontend + Backend | Build Decentralized Bug Bounty Contract with Vuln...
✅ [34/50] Created: Frontend + Backend | Develop Automated Market Maker for NFTs with Dyna...
✅ [35/50] Created: Frontend + Backend | Create Decentralized Freelancer Escrow with Miles...
✅ [36/50] Created: Frontend + Backend | Implement Decentralized Autonomous Organization (...
✅ [37/50] Created: Frontend + Backend | Build Token Burn Mechanism with Deflationary Econ...
✅ [38/50] Created: Frontend + Backend | Develop Cross-Protocol Yield Optimizer with Auto-...
✅ [39/50] Created: Frontend + Backend | Create Decentralized Content Publishing Platform ...
✅ [40/50] Created: Frontend + Backend | Implement Decentralized Exchange Limit Order Book...
✅ [41/50] Created: Frontend + Backend | Build Decentralized Freelancer Identity with Port...
✅ [42/50] Created: Frontend + Backend | Develop Token Gated Access Control with Membershi...
✅ [43/50] Created: Frontend + Backend | Create Decentralized Prediction Market for Sports...
✅ [44/50] Created: Frontend + Backend | Implement Decentralized Invoice Factoring with Ea...
✅ [45/50] Created: Frontend + Backend | Build Decentralized Event Ticketing with Anti-Sca...
✅ [46/50] Created: Frontend + Backend | Develop Decentralized Data Marketplace with Priva...
✅ [47/50] Created: Frontend + Backend | Create Decentralized Micro-Lending Platform with ...
✅ [48/50] Created: Frontend + Backend | Implement Decentralized Warranty Management with ...
✅ [49/50] Created: Frontend + Backend | Build Decentralized Loyalty Rewards Program with ...
✅ [50/50] Created: Frontend + Backend | Develop Decentralized Patent Registry with Invent...

================================================================================
📊 Summary:
   ✅ Successfully created: 50/50
   ❌ Failed: 0/50
================================================================================

🎉 All 50 issues created successfully!
